Arguments: 
  D:\develop_tool\node\node.exe C:\Users\admin\AppData\Roaming\npm\node_modules\yarn\bin\yarn.js add

PATH: 
  C:\WINDOWS\system32;C:\WINDOWS;C:\WINDOWS\System32\Wbem;C:\WINDOWS\System32\WindowsPowerShell\v1.0\;D:\node\;D:\develop_tool\git\Git\cmd;C:\Ruby25-x64\bin;C:\Users\admin\AppData\Local\Microsoft\WindowsApps;D:\VSCode\Microsoft VS Code\bin;C:\Users\admin\AppData\Roaming\npm;D:\develop_tool\node

Yarn version: 
  1.5.1

Node version: 
  8.9.4

Platform: 
  win32 x64

npm manifest: 
  {
    "name": "dbv",
    "version": "1.0.0",
    "description": "",
    "main": "index.js",
    "scripts": {
      "test": "echo \"Error: no test specified\" && exit 1",
      "start": "webpack",
      "server": "webpack-dev-server --open --env dev --host one.qunhequnhe.com",
      "mock": "node ./mock/server.js"
    },
    "eslintConfig": {
      "env": {
        "browser": true
      }
    },
    "author": "",
    "license": "ISC",
    "devDependencies": {
      "babel-core": "^6.26.0",
      "babel-eslint": "^8.2.2",
      "babel-loader": "^7.1.3",
      "babel-plugin-import": "^1.6.5",
      "babel-plugin-transform-runtime": "^6.23.0",
      "babel-preset-env": "^1.6.1",
      "babel-preset-react": "^6.24.1",
      "babel-preset-stage-0": "^6.24.1",
      "copy-webpack-plugin": "^4.5.1",
      "css-loader": "^0.28.10",
      "eslint": "^4.19.0",
      "eslint-config-airbnb": "^16.1.0",
      "eslint-loader": "^2.0.0",
      "eslint-plugin-import": "^2.9.0",
      "eslint-plugin-jsx-a11y": "^6.0.3",
      "eslint-plugin-react": "^7.7.0",
      "file-loader": "^1.1.11",
      "html-webpack-plugin": "^3.0.4",
      "koa": "^2.5.0",
      "koa-cors": "0.0.16",
      "koa-router": "^7.4.0",
      "node-sass": "^4.7.2",
      "request-promise": "^4.2.2",
      "sass-loader": "^6.0.7",
      "style-loader": "^0.20.2",
      "url-loader": "^0.6.2",
      "webpack": "^4.0.1",
      "webpack-cli": "^2.0.9",
      "webpack-dev-server": "^3.0.0"
    },
    "dependencies": {
      "ant-design-pro": "^1.2.1",
      "antd": "^3.2.3",
      "axios": "^0.18.0",
      "codemirror": "^5.36.0",
      "moment": "^2.22.1",
      "monaco-editor": "^0.12.0",
      "prop-types": "^15.6.1",
      "react": "^15.3.1",
      "react-dom": "^15.3.1",
      "react-monaco-editor": "^0.14.1",
      "react-redux": "^5.0.7",
      "react-router": "^2.8.1",
      "redux": "^3.7.2"
    }
  }

yarn manifest: 
  No manifest

Lockfile: 
  No lockfile

Trace: 
  Error: Missing list of packages to add to your project.
      at new MessageError (C:\Users\admin\AppData\Roaming\npm\node_modules\yarn\lib\cli.js:186:110)
      at Object.<anonymous> (C:\Users\admin\AppData\Roaming\npm\node_modules\yarn\lib\cli.js:40587:13)
      at Generator.next (<anonymous>)
      at step (C:\Users\admin\AppData\Roaming\npm\node_modules\yarn\lib\cli.js:98:30)
      at C:\Users\admin\AppData\Roaming\npm\node_modules\yarn\lib\cli.js:116:14
      at new Promise (<anonymous>)
      at new F (C:\Users\admin\AppData\Roaming\npm\node_modules\yarn\lib\cli.js:23451:28)
      at Object.<anonymous> (C:\Users\admin\AppData\Roaming\npm\node_modules\yarn\lib\cli.js:95:12)
      at Object.run (C:\Users\admin\AppData\Roaming\npm\node_modules\yarn\lib\cli.js:40599:19)
      at run (C:\Users\admin\AppData\Roaming\npm\node_modules\yarn\lib\cli.js:89113:20)
